This is LuaTeX, Version 1.10.0 (TeX Live 2019/W32TeX)  (format=lualatex 2019.7.3)  4 FEB 2023 14:30
 restricted system commands enabled.
**Languages.tex
(./Languages.tex
LaTeX2e <2018-12-01>
Lua module: luaotfload-main 2019-02-14 2.96 luaotfload entry point
Lua module: luaotfload-init 2019-02-14 2.96 luaotfload submodule / initializatio
n
Lua module: lualibs 2019-02-14 2.64 ConTeXt Lua standard libraries.
Lua module: lualibs-extended 2019-02-14 2.64 ConTeXt Lua libraries -- extended c
ollection.
Lua module: luaotfload-log 2019-02-14 2.96 luaotfload submodule / logging
Lua module: luaotfload-parsers 2019-02-14 2.96 luaotfload submodule / filelist
Lua module: luaotfload-configuration 2019-02-14 2.96 luaotfload submodule / conf
ig file reader
luaotfload | conf : Root cache directory is C:/Users/User/.texlive2019/texmf-var
/luatex-cache/generic/names.
luaotfload | init : Loading fontloader “fontloader-2019-02-14.lua” from kpse
-resolved path “c:/texlive/2019/texmf-dist/tex/luatex/luaotfload/fontloader-20
19-02-14.lua”.
Lua-only attribute luaotfload@state = 1
Lua-only attribute luaotfload@noligature = 2
Lua-only attribute luaotfload@syllabe = 3
luaotfload | init : Context OpenType loader version “3.107”
Inserting `luaotfload.node_processor' at position 1 in `pre_linebreak_filter'.
Inserting `luaotfload.node_processor' at position 1 in `hpack_filter'.
Lua module: luaotfload-loaders 2019-02-14 2.96 luaotfload submodule / callback h
andling
Inserting `luaotfload.define_font' at position 1 in `define_font'.
Lua module: luaotfload-database 2019-02-14 2.96 luaotfload submodule / database
Lua module: luaotfload-colors 2019-02-14 2.96 luaotfload submodule / color
Lua-only attribute luaotfload_color_attribute = 4
Lua module: luaotfload-resolvers 2019-02-14 2.96 luaotfload submodule / resolver
s
luaotfload | conf : Root cache directory is C:/Users/User/.texlive2019/texmf-var
/luatex-cache/generic/names.
Lua module: luaotfload-features 2019-02-14 2.96 luaotfload submodule / features
Lua module: luaotfload-letterspace 2019-02-14 2.96 luaotfload submodule / color
Lua module: luaotfload-auxiliary 2019-02-14 2.96 luaotfload submodule / auxiliar
y functions
Inserting `luaotfload.aux.set_sscale_dimens' at position 1 in `luaotfload.patch_
font'.
Inserting `luaotfload.aux.patch_cambria_domh' at position 2 in `luaotfload.patch
_font'.
Inserting `luaotfload.aux.fixup_fontdata' at position 1 in `luaotfload.patch_fon
t_unsafe'.
Inserting `luaotfload.aux.set_capheight' at position 3 in `luaotfload.patch_font
'.
Inserting `luaotfload.rewrite_fontname' at position 4 in `luaotfload.patch_font'
.
luaotfload | main : initialization completed in 0.141 seconds
! Undefined control sequence.
l.1 \cvsection
            {Languages}
The control sequence at the end of the top line
of your error message was never \def'ed. If you have
misspelled it (e.g., `\hobx'), type `I' and the correct
spelling (e.g., `I\hbox'). Otherwise just continue,
and I'll forget about whatever was undefined.


! LaTeX Error: Missing \begin{document}.

See the LaTeX manual or LaTeX Companion for explanation.
Type  H <return>  for immediate help.
 ...                                              
                                                  
l.1 \cvsection{L
              anguages}
You're in trouble here.  Try typing  <return>  to proceed.
If that doesn't work, type  X <return>  to quit.


! LaTeX Error: Environment cventries undefined.

See the LaTeX manual or LaTeX Companion for explanation.
Type  H <return>  for immediate help.
 ...                                              
                                                  
l.2 \begin{cventries}
                   
Your command was ignored.
Type  I <command> <return>  to replace it with another command,
or  <return>  to continue without it.

! Undefined control sequence.
l.3     \skillentry
                 
The control sequence at the end of the top line
of your error message was never \def'ed. If you have
misspelled it (e.g., `\hobx'), type `I' and the correct
spelling (e.g., `I\hbox'). Otherwise just continue,
and I'll forget about whatever was undefined.

luaotfload | db : Font names database loaded from C:/Users/User/.texlive2019/tex
mf-var/luatex-cache/generic/names/luaotfload-names.luc

! LaTeX Error: \begin{document} ended by \end{cventries}.

See the LaTeX manual or LaTeX Companion for explanation.
Type  H <return>  for immediate help.
 ...                                              
                                                  
l.9 \end{cventries}
                 
Your command was ignored.
Type  I <command> <return>  to replace it with another command,
or  <return>  to continue without it.

)
! Emergency stop.
<*> Languages.tex
              
*** (job aborted, no legal \end found)



Here is how much of LuaTeX's memory you used:
 12 strings out of 494300
 100000,89155 words of node,token memory allocated 1554 words of node memory still in use:
   1 hlist, 1 local_par, 1 dir, 33 glue, 6 kern, 141 glyph, 12 attribute, 34 glu
e_spec, 12 attribute_list, 1 temp nodes
   avail lists: 3:1,4:1,5:4,9:2
 4361 multiletter control sequences out of 65536+600000
 15 fonts using 510647 bytes
 13i,1n,8p,152b,77s stack positions out of 5000i,500n,10000p,200000b,100000s
!  ==> Fatal error occurred, no output PDF file produced!
